
=== Thu Apr 11 14:05:44 2019

Packages were changed.
Update Mode: updateDependencies

The following packages were added:
  com.unity.collab-proxy@1.2.15
The following packages were updated:
  com.unity.ads from version 2.0.8 to 2.3.1
  com.unity.analytics from version 2.0.16 to 3.2.2
  com.unity.package-manager-ui from version 1.9.11 to 2.0.3
  com.unity.textmeshpro from version 1.2.4 to 1.3.0

=== Mon Apr 15 02:26:31 2019

Packages were changed.
Update Mode: updateDependencies

The following packages were 更新済:
  com.unity.package-manager-ui をバージョン 2.0.3 から 2.0.7 へ

=== Sat Jul 13 02:38:43 2019

Packages were changed.
Update Mode: updateDependencies

The following packages were 更新済:
  com.unity.textmeshpro をバージョン 1.3.0 から 1.4.1 へ
